2024-12-11 13:03:23.285 [info] Extension host with pid 2963860 started
2024-12-11 13:03:23.351 [info] Lock '/home/puskstudent2024_32/.vscode-server/data/User/workspaceStorage/8ef73f2ded2cf16a89ea1c7185b08e5d/vscode.lock': Lock acquired.
2024-12-11 13:03:24.663 [info] ExtensionService#_doActivateExtension vscode.emmet, startup: false, activationEvent: 'onLanguage'
2024-12-11 13:03:24.666 [info] ExtensionService#_doActivateExtension vscode.git-base, startup: false, activationEvent: '*', root cause: vscode.git
2024-12-11 13:03:25.870 [info] ExtensionService#_doActivateExtension vscode.git, startup: false, activationEvent: '*'
2024-12-11 13:03:25.872 [info] ExtensionService#_doActivateExtension vscode.github, startup: false, activationEvent: '*'
2024-12-11 13:03:26.390 [info] Eager extensions activated
2024-12-11 13:03:26.390 [info] ExtensionService#_doActivateExtension vscode.debug-auto-launch, startup: false, activationEvent: 'onStartupFinished'
2024-12-11 13:03:26.391 [info] ExtensionService#_doActivateExtension vscode.merge-conflict, startup: false, activationEvent: 'onStartupFinished'
2024-12-11 13:34:32.685 [warning] [Decorations] CAPPING events from decorations provider vscode.git 1366
2024-12-11 13:34:34.898 [warning] [Decorations] CAPPING events from decorations provider vscode.git 1366
2024-12-11 13:34:39.968 [warning] [Decorations] CAPPING events from decorations provider vscode.git 1366
2024-12-11 13:34:45.052 [warning] [Decorations] CAPPING events from decorations provider vscode.git 1366
2024-12-11 13:34:50.124 [warning] [Decorations] CAPPING events from decorations provider vscode.git 1366
2024-12-11 13:34:55.195 [warning] [Decorations] CAPPING events from decorations provider vscode.git 1366
2024-12-11 13:35:00.268 [warning] [Decorations] CAPPING events from decorations provider vscode.git 1366
2024-12-11 13:35:05.345 [warning] [Decorations] CAPPING events from decorations provider vscode.git 1366
2024-12-11 13:35:10.416 [warning] [Decorations] CAPPING events from decorations provider vscode.git 1366
2024-12-11 13:35:15.487 [warning] [Decorations] CAPPING events from decorations provider vscode.git 1366
2024-12-11 13:35:20.582 [warning] [Decorations] CAPPING events from decorations provider vscode.git 1366
2024-12-11 13:49:43.627 [warning] [Decorations] CAPPING events from decorations provider vscode.git 1366
2024-12-11 13:49:48.619 [warning] [Decorations] CAPPING events from decorations provider vscode.git 1366
2024-12-11 13:49:53.697 [warning] [Decorations] CAPPING events from decorations provider vscode.git 1366
2024-12-11 13:55:33.337 [warning] [Decorations] CAPPING events from decorations provider vscode.git 1366
2024-12-11 13:55:38.335 [warning] [Decorations] CAPPING events from decorations provider vscode.git 1366
2024-12-11 13:55:44.556 [warning] [Decorations] CAPPING events from decorations provider vscode.git 1366
2024-12-11 14:17:07.692 [warning] [Decorations] CAPPING events from decorations provider vscode.git 1366
2024-12-11 14:17:12.607 [warning] [Decorations] CAPPING events from decorations provider vscode.git 1366
2024-12-11 14:17:17.673 [warning] [Decorations] CAPPING events from decorations provider vscode.git 1366
2024-12-11 14:17:22.772 [warning] [Decorations] CAPPING events from decorations provider vscode.git 1366
2024-12-11 14:17:27.843 [warning] [Decorations] CAPPING events from decorations provider vscode.git 1366
2024-12-11 14:17:32.928 [warning] [Decorations] CAPPING events from decorations provider vscode.git 1366
2024-12-11 14:17:37.994 [warning] [Decorations] CAPPING events from decorations provider vscode.git 1366
2024-12-11 14:18:07.164 [warning] [Decorations] CAPPING events from decorations provider vscode.git 1366
2024-12-11 14:18:12.233 [warning] [Decorations] CAPPING events from decorations provider vscode.git 1366
2024-12-11 14:18:17.305 [warning] [Decorations] CAPPING events from decorations provider vscode.git 1366
2024-12-11 14:18:22.377 [warning] [Decorations] CAPPING events from decorations provider vscode.git 1366
2024-12-11 14:18:27.441 [warning] [Decorations] CAPPING events from decorations provider vscode.git 1366
2024-12-11 14:18:32.514 [warning] [Decorations] CAPPING events from decorations provider vscode.git 1366
2024-12-11 14:18:37.583 [warning] [Decorations] CAPPING events from decorations provider vscode.git 1366
2024-12-11 14:18:42.652 [warning] [Decorations] CAPPING events from decorations provider vscode.git 1366
2024-12-11 14:18:47.719 [warning] [Decorations] CAPPING events from decorations provider vscode.git 1366
2024-12-11 14:18:52.791 [warning] [Decorations] CAPPING events from decorations provider vscode.git 1366
2024-12-11 14:18:57.856 [warning] [Decorations] CAPPING events from decorations provider vscode.git 1366
2024-12-11 14:19:02.950 [warning] [Decorations] CAPPING events from decorations provider vscode.git 1366
2024-12-11 14:19:08.028 [warning] [Decorations] CAPPING events from decorations provider vscode.git 1366
2024-12-11 14:19:13.104 [warning] [Decorations] CAPPING events from decorations provider vscode.git 1366
2024-12-11 14:19:18.172 [warning] [Decorations] CAPPING events from decorations provider vscode.git 1366
2024-12-11 14:19:23.239 [warning] [Decorations] CAPPING events from decorations provider vscode.git 1366
2024-12-11 14:19:28.305 [warning] [Decorations] CAPPING events from decorations provider vscode.git 1366
2024-12-11 14:19:33.375 [warning] [Decorations] CAPPING events from decorations provider vscode.git 1366
2024-12-11 14:19:38.443 [warning] [Decorations] CAPPING events from decorations provider vscode.git 1366
2024-12-11 14:19:43.536 [warning] [Decorations] CAPPING events from decorations provider vscode.git 1366
2024-12-11 14:19:48.603 [warning] [Decorations] CAPPING events from decorations provider vscode.git 1366
2024-12-11 14:19:54.167 [warning] [Decorations] CAPPING events from decorations provider vscode.git 1366
2024-12-11 14:21:59.410 [warning] [Decorations] CAPPING events from decorations provider vscode.git 1366
2024-12-11 14:22:04.413 [warning] [Decorations] CAPPING events from decorations provider vscode.git 1366
2024-12-11 14:22:09.484 [warning] [Decorations] CAPPING events from decorations provider vscode.git 1366
2024-12-11 14:22:14.556 [warning] [Decorations] CAPPING events from decorations provider vscode.git 1366
2024-12-11 14:22:19.620 [warning] [Decorations] CAPPING events from decorations provider vscode.git 1366
2024-12-11 14:22:24.690 [warning] [Decorations] CAPPING events from decorations provider vscode.git 1366
2024-12-11 14:22:29.761 [warning] [Decorations] CAPPING events from decorations provider vscode.git 1366
2024-12-11 14:29:33.906 [warning] [Decorations] CAPPING events from decorations provider vscode.git 1366
2024-12-11 14:59:40.719 [warning] [Decorations] CAPPING events from decorations provider vscode.git 1366
2024-12-11 15:05:26.709 [warning] [Decorations] CAPPING events from decorations provider vscode.git 1366
2024-12-11 15:05:31.710 [warning] [Decorations] CAPPING events from decorations provider vscode.git 1366
2024-12-11 15:05:36.775 [warning] [Decorations] CAPPING events from decorations provider vscode.git 1366
2024-12-11 15:05:41.848 [warning] [Decorations] CAPPING events from decorations provider vscode.git 1366
2024-12-11 15:05:46.916 [warning] [Decorations] CAPPING events from decorations provider vscode.git 1366
2024-12-11 15:07:17.801 [warning] [Decorations] CAPPING events from decorations provider vscode.git 1366
2024-12-11 15:07:32.926 [warning] [Decorations] CAPPING events from decorations provider vscode.git 1366
2024-12-11 15:07:38.959 [warning] [Decorations] CAPPING events from decorations provider vscode.git 1366
2024-12-11 15:07:44.037 [warning] [Decorations] CAPPING events from decorations provider vscode.git 1366
2024-12-11 15:07:49.101 [warning] [Decorations] CAPPING events from decorations provider vscode.git 1366
2024-12-11 15:07:54.690 [warning] [Decorations] CAPPING events from decorations provider vscode.git 1366
2024-12-11 15:07:59.758 [warning] [Decorations] CAPPING events from decorations provider vscode.git 1366
2024-12-11 15:08:04.826 [warning] [Decorations] CAPPING events from decorations provider vscode.git 1366
2024-12-11 15:08:09.889 [warning] [Decorations] CAPPING events from decorations provider vscode.git 1366
2024-12-11 15:08:14.961 [warning] [Decorations] CAPPING events from decorations provider vscode.git 1366
2024-12-11 15:08:20.032 [warning] [Decorations] CAPPING events from decorations provider vscode.git 1366
2024-12-11 15:08:25.095 [warning] [Decorations] CAPPING events from decorations provider vscode.git 1366
2024-12-11 15:08:26.790 [warning] [Decorations] CAPPING events from decorations provider vscode.git 1366
2024-12-11 15:08:30.173 [warning] [Decorations] CAPPING events from decorations provider vscode.git 1366
2024-12-11 15:08:35.256 [warning] [Decorations] CAPPING events from decorations provider vscode.git 1366
2024-12-11 15:08:40.325 [warning] [Decorations] CAPPING events from decorations provider vscode.git 1366
2024-12-11 15:08:49.109 [warning] [Decorations] CAPPING events from decorations provider vscode.git 1366
2024-12-11 15:12:48.403 [warning] [Decorations] CAPPING events from decorations provider vscode.git 1366
2024-12-11 15:20:45.699 [warning] [Decorations] CAPPING events from decorations provider vscode.git 1366
2024-12-11 15:45:45.450 [warning] [Decorations] CAPPING events from decorations provider vscode.git 1366
2024-12-11 15:45:50.457 [warning] [Decorations] CAPPING events from decorations provider vscode.git 1366
2024-12-11 15:45:55.532 [warning] [Decorations] CAPPING events from decorations provider vscode.git 1366
2024-12-11 15:46:00.612 [warning] [Decorations] CAPPING events from decorations provider vscode.git 1366
2024-12-11 15:46:05.690 [warning] [Decorations] CAPPING events from decorations provider vscode.git 1366
2024-12-11 15:46:10.757 [warning] [Decorations] CAPPING events from decorations provider vscode.git 1366
2024-12-11 15:46:15.829 [warning] [Decorations] CAPPING events from decorations provider vscode.git 1366
2024-12-11 15:46:20.905 [warning] [Decorations] CAPPING events from decorations provider vscode.git 1366
2024-12-11 15:48:23.799 [warning] [Decorations] CAPPING events from decorations provider vscode.git 1367
2024-12-11 16:01:04.087 [warning] [Decorations] CAPPING events from decorations provider vscode.git 1371
2024-12-11 16:01:09.120 [warning] [Decorations] CAPPING events from decorations provider vscode.git 1370
2024-12-11 16:01:14.193 [warning] [Decorations] CAPPING events from decorations provider vscode.git 1370
2024-12-11 16:01:19.285 [warning] [Decorations] CAPPING events from decorations provider vscode.git 1370
2024-12-11 16:01:24.357 [warning] [Decorations] CAPPING events from decorations provider vscode.git 1370
2024-12-11 16:01:29.426 [warning] [Decorations] CAPPING events from decorations provider vscode.git 1370
2024-12-11 16:01:35.316 [warning] [Decorations] CAPPING events from decorations provider vscode.git 1371
2024-12-11 16:01:40.406 [warning] [Decorations] CAPPING events from decorations provider vscode.git 1371
2024-12-11 16:01:45.471 [warning] [Decorations] CAPPING events from decorations provider vscode.git 1371
2024-12-11 16:02:20.858 [warning] [Decorations] CAPPING events from decorations provider vscode.git 1371
2024-12-11 16:02:25.929 [warning] [Decorations] CAPPING events from decorations provider vscode.git 1371
2024-12-11 16:02:54.598 [warning] [Decorations] CAPPING events from decorations provider vscode.git 1371
2024-12-11 16:02:59.670 [warning] [Decorations] CAPPING events from decorations provider vscode.git 1371
2024-12-11 16:03:04.742 [warning] [Decorations] CAPPING events from decorations provider vscode.git 1371
2024-12-11 16:03:09.812 [warning] [Decorations] CAPPING events from decorations provider vscode.git 1371
2024-12-11 16:03:14.882 [warning] [Decorations] CAPPING events from decorations provider vscode.git 1371
2024-12-11 16:03:19.969 [warning] [Decorations] CAPPING events from decorations provider vscode.git 1371
2024-12-11 16:07:05.277 [warning] [Decorations] CAPPING events from decorations provider vscode.git 1372
2024-12-11 16:07:10.282 [warning] [Decorations] CAPPING events from decorations provider vscode.git 1372
2024-12-11 16:07:15.352 [warning] [Decorations] CAPPING events from decorations provider vscode.git 1372
2024-12-11 16:07:20.430 [warning] [Decorations] CAPPING events from decorations provider vscode.git 1372
2024-12-11 16:07:25.499 [warning] [Decorations] CAPPING events from decorations provider vscode.git 1372
2024-12-11 16:08:17.057 [warning] [Decorations] CAPPING events from decorations provider vscode.git 1372
2024-12-11 16:11:03.554 [warning] [Decorations] CAPPING events from decorations provider vscode.git 1372
2024-12-11 16:11:08.554 [warning] [Decorations] CAPPING events from decorations provider vscode.git 1372
2024-12-11 16:20:48.050 [warning] [Decorations] CAPPING events from decorations provider vscode.git 1372
2024-12-11 16:22:24.779 [warning] [Decorations] CAPPING events from decorations provider vscode.git 1372
2024-12-11 16:22:29.850 [warning] [Decorations] CAPPING events from decorations provider vscode.git 1372
2024-12-11 16:22:34.924 [warning] [Decorations] CAPPING events from decorations provider vscode.git 1372
2024-12-11 16:22:39.988 [warning] [Decorations] CAPPING events from decorations provider vscode.git 1372
2024-12-11 16:22:45.076 [warning] [Decorations] CAPPING events from decorations provider vscode.git 1372
2024-12-11 16:22:50.160 [warning] [Decorations] CAPPING events from decorations provider vscode.git 1372
2024-12-11 16:22:55.320 [warning] [Decorations] CAPPING events from decorations provider vscode.git 1372
2024-12-11 16:23:00.390 [warning] [Decorations] CAPPING events from decorations provider vscode.git 1372
2024-12-11 16:23:05.487 [warning] [Decorations] CAPPING events from decorations provider vscode.git 1372
2024-12-11 16:23:10.560 [warning] [Decorations] CAPPING events from decorations provider vscode.git 1372
2024-12-11 16:23:15.627 [warning] [Decorations] CAPPING events from decorations provider vscode.git 1372
2024-12-11 16:23:20.700 [warning] [Decorations] CAPPING events from decorations provider vscode.git 1372
2024-12-11 16:23:25.769 [warning] [Decorations] CAPPING events from decorations provider vscode.git 1372
2024-12-11 16:23:30.838 [warning] [Decorations] CAPPING events from decorations provider vscode.git 1372
2024-12-11 16:23:35.908 [warning] [Decorations] CAPPING events from decorations provider vscode.git 1372
2024-12-11 16:23:40.993 [warning] [Decorations] CAPPING events from decorations provider vscode.git 1372
2024-12-11 16:23:46.062 [warning] [Decorations] CAPPING events from decorations provider vscode.git 1372
2024-12-11 16:23:48.133 [warning] [Decorations] CAPPING events from decorations provider vscode.git 1372
2024-12-11 16:23:52.710 [warning] [Decorations] CAPPING events from decorations provider vscode.git 1372
2024-12-11 16:23:57.784 [warning] [Decorations] CAPPING events from decorations provider vscode.git 1372
2024-12-11 16:24:02.855 [warning] [Decorations] CAPPING events from decorations provider vscode.git 1372
2024-12-11 16:24:07.926 [warning] [Decorations] CAPPING events from decorations provider vscode.git 1372
2024-12-11 16:24:12.993 [warning] [Decorations] CAPPING events from decorations provider vscode.git 1372
2024-12-11 16:24:18.060 [warning] [Decorations] CAPPING events from decorations provider vscode.git 1372
2024-12-11 16:24:23.132 [warning] [Decorations] CAPPING events from decorations provider vscode.git 1372
2024-12-11 16:27:38.048 [warning] [Decorations] CAPPING events from decorations provider vscode.git 1372
2024-12-11 16:27:43.044 [warning] [Decorations] CAPPING events from decorations provider vscode.git 1372
2024-12-11 16:27:48.114 [warning] [Decorations] CAPPING events from decorations provider vscode.git 1372
2024-12-11 16:27:53.187 [warning] [Decorations] CAPPING events from decorations provider vscode.git 1372
2024-12-11 16:27:58.256 [warning] [Decorations] CAPPING events from decorations provider vscode.git 1372
2024-12-11 16:28:03.336 [warning] [Decorations] CAPPING events from decorations provider vscode.git 1372
2024-12-11 16:28:08.407 [warning] [Decorations] CAPPING events from decorations provider vscode.git 1372
2024-12-11 16:28:13.476 [warning] [Decorations] CAPPING events from decorations provider vscode.git 1372
2024-12-11 16:28:18.546 [warning] [Decorations] CAPPING events from decorations provider vscode.git 1372
2024-12-11 16:28:23.613 [warning] [Decorations] CAPPING events from decorations provider vscode.git 1372
2024-12-11 16:28:28.685 [warning] [Decorations] CAPPING events from decorations provider vscode.git 1372
2024-12-11 16:28:33.771 [warning] [Decorations] CAPPING events from decorations provider vscode.git 1372
2024-12-11 16:28:38.841 [warning] [Decorations] CAPPING events from decorations provider vscode.git 1372
